<?xml version="1.0" encoding="UTF-8"?>
<!-- Generated by org.testng.reporters.JUnitXMLReporter -->
<testsuite hostname="qainfotech-ThinkCentre-M72e" ignored="3" name="database test" tests="1" failures="0" timestamp="28 Feb 2019 14:28:39 GMT" time="0.055" errors="0">
  <testcase name="test1" time="0.012" classname="com.abhay.practice.TestDatabase"/>
  <testcase name="test4" time="0.0" classname="com.abhay.practice.TestDatabase">
    <ignored/>
  </testcase> <!-- test4 -->
  <testcase name="test3" time="0.0" classname="com.abhay.practice.TestDatabase">
    <ignored/>
  </testcase> <!-- test3 -->
  <testcase name="test2" time="0.0" classname="com.abhay.practice.TestDatabase">
    <ignored/>
  </testcase> <!-- test2 -->
</testsuite> <!-- database test -->
